[2021-04-30 12:09:34] local.ERROR: No application encryption key has been specified. {"exception":"[object] (Illuminate\\Encryption\\MissingAppKeyException(code: 0): No application encryption key has been specified. at /home/bocil/blog/vendor/laravel/framework/src/Illuminate/Encryption/EncryptionServiceProvider.php:79)
[stacktrace]
#0 /home/bocil/blog/vendor/laravel/framework/src/Illuminate/Support/helpers.php(263): Illuminate\\Encryption\\EncryptionServiceProvider->Illuminate\\Encryption\\{closure}()
#1 /home/bocil/blog/vendor/laravel/framework/src/Illuminate/Encryption/EncryptionServiceProvider.php(81): tap()
#2 /home/bocil/blog/vendor/laravel/framework/src/Illuminate/Encryption/EncryptionServiceProvider.php(60): Illuminate\\Encryption\\EncryptionServiceProvider->key()
#3 /home/bocil/blog/vendor/laravel/framework/src/Illuminate/Encryption/EncryptionServiceProvider.php(32): Illuminate\\Encryption\\EncryptionServiceProvider->parseKey()
#4 /home/bocil/blog/vendor/laravel/framework/src/Illuminate/Container/Container.php(829): Illuminate\\Encryption\\EncryptionServiceProvider->Illuminate\\Encryption\\{closure}()
#5 /home/bocil/blog/vendor/laravel/framework/src/Illuminate/Container/Container.php(714): Illuminate\\Container\\Container->build()
#6 /home/bocil/blog/vendor/laravel/framework/src/Illuminate/Foundation/Application.php(841): Illuminate\\Container\\Container->resolve()
#7 /home/bocil/blog/vendor/laravel/framework/src/Illuminate/Container/Container.php(652): Illuminate\\Foundation\\Application->resolve()
#8 /home/bocil/blog/vendor/laravel/framework/src/Illuminate/Foundation/Application.php(826): Illuminate\\Container\\Container->make()
#9 /home/bocil/blog/vendor/laravel/framework/src/Illuminate/Container/Container.php(987): Illuminate\\Foundation\\Application->make()
#10 /home/bocil/blog/vendor/laravel/framework/src/Illuminate/Container/Container.php(907): Illuminate\\Container\\Container->resolveClass()
#11 /home/bocil/blog/vendor/laravel/framework/src/Illuminate/Container/Container.php(868): Illuminate\\Container\\Container->resolveDependencies()
#12 /home/bocil/blog/vendor/laravel/framework/src/Illuminate/Container/Container.php(714): Illuminate\\Container\\Container->build()
#13 /home/bocil/blog/vendor/laravel/framework/src/Illuminate/Foundation/Application.php(841): Illuminate\\Container\\Container->resolve()
#14 /home/bocil/blog/vendor/laravel/framework/src/Illuminate/Container/Container.php(652): Illuminate\\Foundation\\Application->resolve()
#15 /home/bocil/blog/vendor/laravel/framework/src/Illuminate/Foundation/Application.php(826): Illuminate\\Container\\Container->make()
#16 /home/bocil/blog/vendor/laravel/framework/src/Illuminate/Pipeline/Pipeline.php(156): Illuminate\\Foundation\\Application->make()
#17 /home/bocil/blog/vendor/laravel/framework/src/Illuminate/Pipeline/Pipeline.php(103): Illuminate\\Pipeline\\Pipeline->Illuminate\\Pipeline\\{closure}()
#18 /home/bocil/blog/vendor/laravel/framework/src/Illuminate/Routing/Router.php(697): Illuminate\\Pipeline\\Pipeline->then()
#19 /home/bocil/blog/vendor/laravel/framework/src/Illuminate/Routing/Router.php(672): Illuminate\\Routing\\Router->runRouteWithinStack()
#20 /home/bocil/blog/vendor/laravel/framework/src/Illuminate/Routing/Router.php(636): Illuminate\\Routing\\Router->runRoute()
#21 /home/bocil/blog/vendor/laravel/framework/src/Illuminate/Routing/Router.php(625): Illuminate\\Routing\\Router->dispatchToRoute()
#22 /home/bocil/blog/vendor/laravel/framework/src/Illuminate/Foundation/Http/Kernel.php(166): Illuminate\\Routing\\Router->dispatch()
#23 /home/bocil/blog/vendor/laravel/framework/src/Illuminate/Pipeline/Pipeline.php(128): Illuminate\\Foundation\\Http\\Kernel->Illuminate\\Foundation\\Http\\{closure}()
#24 /home/bocil/blog/vendor/laravel/framework/src/Illuminate/Foundation/Http/Middleware/TransformsRequest.php(21): Illuminate\\Pipeline\\Pipeline->Illuminate\\Pipeline\\{closure}()
#25 /home/bocil/blog/vendor/laravel/framework/src/Illuminate/Foundation/Http/Middleware/ConvertEmptyStringsToNull.php(31): Illuminate\\Foundation\\Http\\Middleware\\TransformsRequest->handle()
#26 /home/bocil/blog/vendor/laravel/framework/src/Illuminate/Pipeline/Pipeline.php(167): Illuminate\\Foundation\\Http\\Middleware\\ConvertEmptyStringsToNull->handle()
#27 /home/bocil/blog/vendor/laravel/framework/src/Illuminate/Foundation/Http/Middleware/TransformsRequest.php(21): Illuminate\\Pipeline\\Pipeline->Illuminate\\Pipeline\\{closure}()
#28 /home/bocil/blog/vendor/laravel/framework/src/Illuminate/Foundation/Http/Middleware/TrimStrings.php(40): Illuminate\\Foundation\\Http\\Middleware\\TransformsRequest->handle()
#29 /home/bocil/blog/vendor/laravel/framework/src/Illuminate/Pipeline/Pipeline.php(167): Illuminate\\Foundation\\Http\\Middleware\\TrimStrings->handle()
#30 /home/bocil/blog/vendor/laravel/framework/src/Illuminate/Foundation/Http/Middleware/ValidatePostSize.php(27): Illuminate\\Pipeline\\Pipeline->Illuminate\\Pipeline\\{closure}()
#31 /home/bocil/blog/vendor/laravel/framework/src/Illuminate/Pipeline/Pipeline.php(167): Illuminate\\Foundation\\Http\\Middleware\\ValidatePostSize->handle()
#32 /home/bocil/blog/vendor/laravel/framework/src/Illuminate/Foundation/Http/Middleware/PreventRequestsDuringMaintenance.php(86): Illuminate\\Pipeline\\Pipeline->Illuminate\\Pipeline\\{closure}()
#33 /home/bocil/blog/vendor/laravel/framework/src/Illuminate/Pipeline/Pipeline.php(167): Illuminate\\Foundation\\Http\\Middleware\\PreventRequestsDuringMaintenance->handle()
#34 /home/bocil/blog/vendor/fruitcake/laravel-cors/src/HandleCors.php(38): Illuminate\\Pipeline\\Pipeline->Illuminate\\Pipeline\\{closure}()
#35 /home/bocil/blog/vendor/laravel/framework/src/Illuminate/Pipeline/Pipeline.php(167): Fruitcake\\Cors\\HandleCors->handle()
#36 /home/bocil/blog/vendor/fideloper/proxy/src/TrustProxies.php(57): Illuminate\\Pipeline\\Pipeline->Illuminate\\Pipeline\\{closure}()
#37 /home/bocil/blog/vendor/laravel/framework/src/Illuminate/Pipeline/Pipeline.php(167): Fideloper\\Proxy\\TrustProxies->handle()
#38 /home/bocil/blog/vendor/laravel/framework/src/Illuminate/Pipeline/Pipeline.php(103): Illuminate\\Pipeline\\Pipeline->Illuminate\\Pipeline\\{closure}()
#39 /home/bocil/blog/vendor/laravel/framework/src/Illuminate/Foundation/Http/Kernel.php(141): Illuminate\\Pipeline\\Pipeline->then()
#40 /home/bocil/blog/vendor/laravel/framework/src/Illuminate/Foundation/Http/Kernel.php(110): Illuminate\\Foundation\\Http\\Kernel->sendRequestThroughRouter()
#41 /home/bocil/blog/public/index.php(52): Illuminate\\Foundation\\Http\\Kernel->handle()
#42 /home/bocil/blog/server.php(21): require_once('...')
#43 {main}
"} 
[2021-04-30 12:09:34] local.ERROR: No application encryption key has been specified. {"exception":"[object] (Illuminate\\Encryption\\MissingAppKeyException(code: 0): No application encryption key has been specified. at /home/bocil/blog/vendor/laravel/framework/src/Illuminate/Encryption/EncryptionServiceProvider.php:79)
[stacktrace]
#0 /home/bocil/blog/vendor/laravel/framework/src/Illuminate/Support/helpers.php(263): Illuminate\\Encryption\\EncryptionServiceProvider->Illuminate\\Encryption\\{closure}()
#1 /home/bocil/blog/vendor/laravel/framework/src/Illuminate/Encryption/EncryptionServiceProvider.php(81): tap()
#2 /home/bocil/blog/vendor/laravel/framework/src/Illuminate/Encryption/EncryptionServiceProvider.php(60): Illuminate\\Encryption\\EncryptionServiceProvider->key()
#3 /home/bocil/blog/vendor/laravel/framework/src/Illuminate/Encryption/EncryptionServiceProvider.php(32): Illuminate\\Encryption\\EncryptionServiceProvider->parseKey()
#4 /home/bocil/blog/vendor/laravel/framework/src/Illuminate/Container/Container.php(829): Illuminate\\Encryption\\EncryptionServiceProvider->Illuminate\\Encryption\\{closure}()
#5 /home/bocil/blog/vendor/laravel/framework/src/Illuminate/Container/Container.php(714): Illuminate\\Container\\Container->build()
#6 /home/bocil/blog/vendor/laravel/framework/src/Illuminate/Foundation/Application.php(841): Illuminate\\Container\\Container->resolve()
#7 /home/bocil/blog/vendor/laravel/framework/src/Illuminate/Container/Container.php(652): Illuminate\\Foundation\\Application->resolve()
#8 /home/bocil/blog/vendor/laravel/framework/src/Illuminate/Foundation/Application.php(826): Illuminate\\Container\\Container->make()
#9 /home/bocil/blog/vendor/laravel/framework/src/Illuminate/Container/Container.php(987): Illuminate\\Foundation\\Application->make()
#10 /home/bocil/blog/vendor/laravel/framework/src/Illuminate/Container/Container.php(907): Illuminate\\Container\\Container->resolveClass()
#11 /home/bocil/blog/vendor/laravel/framework/src/Illuminate/Container/Container.php(868): Illuminate\\Container\\Container->resolveDependencies()
#12 /home/bocil/blog/vendor/laravel/framework/src/Illuminate/Container/Container.php(714): Illuminate\\Container\\Container->build()
#13 /home/bocil/blog/vendor/laravel/framework/src/Illuminate/Foundation/Application.php(841): Illuminate\\Container\\Container->resolve()
#14 /home/bocil/blog/vendor/laravel/framework/src/Illuminate/Container/Container.php(652): Illuminate\\Foundation\\Application->resolve()
#15 /home/bocil/blog/vendor/laravel/framework/src/Illuminate/Foundation/Application.php(826): Illuminate\\Container\\Container->make()
#16 /home/bocil/blog/vendor/laravel/framework/src/Illuminate/Foundation/Http/Kernel.php(205): Illuminate\\Foundation\\Application->make()
#17 /home/bocil/blog/vendor/laravel/framework/src/Illuminate/Foundation/Http/Kernel.php(179): Illuminate\\Foundation\\Http\\Kernel->terminateMiddleware()
#18 /home/bocil/blog/public/index.php(55): Illuminate\\Foundation\\Http\\Kernel->terminate()
#19 /home/bocil/blog/server.php(21): require_once('...')
#20 {main}
"} 
[2021-04-30 12:13:13] local.ERROR: The "--v" option does not exist. {"exception":"[object] (Symfony\\Component\\Console\\Exception\\RuntimeException(code: 0): The \"--v\" option does not exist. at /var/www/blog/vendor/symfony/console/Input/ArgvInput.php:212)
[stacktrace]
#0 /var/www/blog/vendor/symfony/console/Input/ArgvInput.php(142): Symfony\\Component\\Console\\Input\\ArgvInput->addLongOption()
#1 /var/www/blog/vendor/symfony/console/Input/ArgvInput.php(76): Symfony\\Component\\Console\\Input\\ArgvInput->parseLongOption()
#2 /var/www/blog/vendor/symfony/console/Input/Input.php(55): Symfony\\Component\\Console\\Input\\ArgvInput->parse()
#3 /var/www/blog/vendor/symfony/console/Command/Command.php(215): Symfony\\Component\\Console\\Input\\Input->bind()
#4 /var/www/blog/vendor/symfony/console/Application.php(971): Symfony\\Component\\Console\\Command\\Command->run()
#5 /var/www/blog/vendor/symfony/console/Application.php(290): Symfony\\Component\\Console\\Application->doRunCommand()
#6 /var/www/blog/vendor/symfony/console/Application.php(166): Symfony\\Component\\Console\\Application->doRun()
#7 /var/www/blog/vendor/laravel/framework/src/Illuminate/Console/Application.php(92): Symfony\\Component\\Console\\Application->run()
#8 /var/www/blog/vendor/laravel/framework/src/Illuminate/Foundation/Console/Kernel.php(129): Illuminate\\Console\\Application->run()
#9 /var/www/blog/artisan(37): Illuminate\\Foundation\\Console\\Kernel->handle()
#10 {main}
"} 
[2021-04-30 12:13:25] local.ERROR: No application encryption key has been specified. {"exception":"[object] (Illuminate\\Encryption\\MissingAppKeyException(code: 0): No application encryption key has been specified. at /var/www/blog/vendor/laravel/framework/src/Illuminate/Encryption/EncryptionServiceProvider.php:79)
[stacktrace]
#0 /var/www/blog/vendor/laravel/framework/src/Illuminate/Support/helpers.php(263): Illuminate\\Encryption\\EncryptionServiceProvider->Illuminate\\Encryption\\{closure}()
#1 /var/www/blog/vendor/laravel/framework/src/Illuminate/Encryption/EncryptionServiceProvider.php(81): tap()
#2 /var/www/blog/vendor/laravel/framework/src/Illuminate/Encryption/EncryptionServiceProvider.php(60): Illuminate\\Encryption\\EncryptionServiceProvider->key()
#3 /var/www/blog/vendor/laravel/framework/src/Illuminate/Encryption/EncryptionServiceProvider.php(32): Illuminate\\Encryption\\EncryptionServiceProvider->parseKey()
#4 /var/www/blog/vendor/laravel/framework/src/Illuminate/Container/Container.php(829): Illuminate\\Encryption\\EncryptionServiceProvider->Illuminate\\Encryption\\{closure}()
#5 /var/www/blog/vendor/laravel/framework/src/Illuminate/Container/Container.php(714): Illuminate\\Container\\Container->build()
#6 /var/www/blog/vendor/laravel/framework/src/Illuminate/Foundation/Application.php(841): Illuminate\\Container\\Container->resolve()
#7 /var/www/blog/vendor/laravel/framework/src/Illuminate/Container/Container.php(652): Illuminate\\Foundation\\Application->resolve()
#8 /var/www/blog/vendor/laravel/framework/src/Illuminate/Foundation/Application.php(826): Illuminate\\Container\\Container->make()
#9 /var/www/blog/vendor/laravel/framework/src/Illuminate/Container/Container.php(987): Illuminate\\Foundation\\Application->make()
#10 /var/www/blog/vendor/laravel/framework/src/Illuminate/Container/Container.php(907): Illuminate\\Container\\Container->resolveClass()
#11 /var/www/blog/vendor/laravel/framework/src/Illuminate/Container/Container.php(868): Illuminate\\Container\\Container->resolveDependencies()
#12 /var/www/blog/vendor/laravel/framework/src/Illuminate/Container/Container.php(714): Illuminate\\Container\\Container->build()
#13 /var/www/blog/vendor/laravel/framework/src/Illuminate/Foundation/Application.php(841): Illuminate\\Container\\Container->resolve()
#14 /var/www/blog/vendor/laravel/framework/src/Illuminate/Container/Container.php(652): Illuminate\\Foundation\\Application->resolve()
#15 /var/www/blog/vendor/laravel/framework/src/Illuminate/Foundation/Application.php(826): Illuminate\\Container\\Container->make()
#16 /var/www/blog/vendor/laravel/framework/src/Illuminate/Pipeline/Pipeline.php(156): Illuminate\\Foundation\\Application->make()
#17 /var/www/blog/vendor/laravel/framework/src/Illuminate/Pipeline/Pipeline.php(103): Illuminate\\Pipeline\\Pipeline->Illuminate\\Pipeline\\{closure}()
#18 /var/www/blog/vendor/laravel/framework/src/Illuminate/Routing/Router.php(697): Illuminate\\Pipeline\\Pipeline->then()
#19 /var/www/blog/vendor/laravel/framework/src/Illuminate/Routing/Router.php(672): Illuminate\\Routing\\Router->runRouteWithinStack()
#20 /var/www/blog/vendor/laravel/framework/src/Illuminate/Routing/Router.php(636): Illuminate\\Routing\\Router->runRoute()
#21 /var/www/blog/vendor/laravel/framework/src/Illuminate/Routing/Router.php(625): Illuminate\\Routing\\Router->dispatchToRoute()
#22 /var/www/blog/vendor/laravel/framework/src/Illuminate/Foundation/Http/Kernel.php(166): Illuminate\\Routing\\Router->dispatch()
#23 /var/www/blog/vendor/laravel/framework/src/Illuminate/Pipeline/Pipeline.php(128): Illuminate\\Foundation\\Http\\Kernel->Illuminate\\Foundation\\Http\\{closure}()
#24 /var/www/blog/vendor/laravel/framework/src/Illuminate/Foundation/Http/Middleware/TransformsRequest.php(21): Illuminate\\Pipeline\\Pipeline->Illuminate\\Pipeline\\{closure}()
#25 /var/www/blog/vendor/laravel/framework/src/Illuminate/Foundation/Http/Middleware/ConvertEmptyStringsToNull.php(31): Illuminate\\Foundation\\Http\\Middleware\\TransformsRequest->handle()
#26 /var/www/blog/vendor/laravel/framework/src/Illuminate/Pipeline/Pipeline.php(167): Illuminate\\Foundation\\Http\\Middleware\\ConvertEmptyStringsToNull->handle()
#27 /var/www/blog/vendor/laravel/framework/src/Illuminate/Foundation/Http/Middleware/TransformsRequest.php(21): Illuminate\\Pipeline\\Pipeline->Illuminate\\Pipeline\\{closure}()
#28 /var/www/blog/vendor/laravel/framework/src/Illuminate/Foundation/Http/Middleware/TrimStrings.php(40): Illuminate\\Foundation\\Http\\Middleware\\TransformsRequest->handle()
#29 /var/www/blog/vendor/laravel/framework/src/Illuminate/Pipeline/Pipeline.php(167): Illuminate\\Foundation\\Http\\Middleware\\TrimStrings->handle()
#30 /var/www/blog/vendor/laravel/framework/src/Illuminate/Foundation/Http/Middleware/ValidatePostSize.php(27): Illuminate\\Pipeline\\Pipeline->Illuminate\\Pipeline\\{closure}()
#31 /var/www/blog/vendor/laravel/framework/src/Illuminate/Pipeline/Pipeline.php(167): Illuminate\\Foundation\\Http\\Middleware\\ValidatePostSize->handle()
#32 /var/www/blog/vendor/laravel/framework/src/Illuminate/Foundation/Http/Middleware/PreventRequestsDuringMaintenance.php(86): Illuminate\\Pipeline\\Pipeline->Illuminate\\Pipeline\\{closure}()
#33 /var/www/blog/vendor/laravel/framework/src/Illuminate/Pipeline/Pipeline.php(167): Illuminate\\Foundation\\Http\\Middleware\\PreventRequestsDuringMaintenance->handle()
#34 /var/www/blog/vendor/fruitcake/laravel-cors/src/HandleCors.php(38): Illuminate\\Pipeline\\Pipeline->Illuminate\\Pipeline\\{closure}()
#35 /var/www/blog/vendor/laravel/framework/src/Illuminate/Pipeline/Pipeline.php(167): Fruitcake\\Cors\\HandleCors->handle()
#36 /var/www/blog/vendor/fideloper/proxy/src/TrustProxies.php(57): Illuminate\\Pipeline\\Pipeline->Illuminate\\Pipeline\\{closure}()
#37 /var/www/blog/vendor/laravel/framework/src/Illuminate/Pipeline/Pipeline.php(167): Fideloper\\Proxy\\TrustProxies->handle()
#38 /var/www/blog/vendor/laravel/framework/src/Illuminate/Pipeline/Pipeline.php(103): Illuminate\\Pipeline\\Pipeline->Illuminate\\Pipeline\\{closure}()
#39 /var/www/blog/vendor/laravel/framework/src/Illuminate/Foundation/Http/Kernel.php(141): Illuminate\\Pipeline\\Pipeline->then()
#40 /var/www/blog/vendor/laravel/framework/src/Illuminate/Foundation/Http/Kernel.php(110): Illuminate\\Foundation\\Http\\Kernel->sendRequestThroughRouter()
#41 /var/www/blog/public/index.php(52): Illuminate\\Foundation\\Http\\Kernel->handle()
#42 /var/www/blog/server.php(21): require_once('...')
#43 {main}
"} 
[2021-04-30 12:13:25] local.ERROR: No application encryption key has been specified. {"exception":"[object] (Illuminate\\Encryption\\MissingAppKeyException(code: 0): No application encryption key has been specified. at /var/www/blog/vendor/laravel/framework/src/Illuminate/Encryption/EncryptionServiceProvider.php:79)
[stacktrace]
#0 /var/www/blog/vendor/laravel/framework/src/Illuminate/Support/helpers.php(263): Illuminate\\Encryption\\EncryptionServiceProvider->Illuminate\\Encryption\\{closure}()
#1 /var/www/blog/vendor/laravel/framework/src/Illuminate/Encryption/EncryptionServiceProvider.php(81): tap()
#2 /var/www/blog/vendor/laravel/framework/src/Illuminate/Encryption/EncryptionServiceProvider.php(60): Illuminate\\Encryption\\EncryptionServiceProvider->key()
#3 /var/www/blog/vendor/laravel/framework/src/Illuminate/Encryption/EncryptionServiceProvider.php(32): Illuminate\\Encryption\\EncryptionServiceProvider->parseKey()
#4 /var/www/blog/vendor/laravel/framework/src/Illuminate/Container/Container.php(829): Illuminate\\Encryption\\EncryptionServiceProvider->Illuminate\\Encryption\\{closure}()
#5 /var/www/blog/vendor/laravel/framework/src/Illuminate/Container/Container.php(714): Illuminate\\Container\\Container->build()
#6 /var/www/blog/vendor/laravel/framework/src/Illuminate/Foundation/Application.php(841): Illuminate\\Container\\Container->resolve()
#7 /var/www/blog/vendor/laravel/framework/src/Illuminate/Container/Container.php(652): Illuminate\\Foundation\\Application->resolve()
#8 /var/www/blog/vendor/laravel/framework/src/Illuminate/Foundation/Application.php(826): Illuminate\\Container\\Container->make()
#9 /var/www/blog/vendor/laravel/framework/src/Illuminate/Container/Container.php(987): Illuminate\\Foundation\\Application->make()
#10 /var/www/blog/vendor/laravel/framework/src/Illuminate/Container/Container.php(907): Illuminate\\Container\\Container->resolveClass()
#11 /var/www/blog/vendor/laravel/framework/src/Illuminate/Container/Container.php(868): Illuminate\\Container\\Container->resolveDependencies()
#12 /var/www/blog/vendor/laravel/framework/src/Illuminate/Container/Container.php(714): Illuminate\\Container\\Container->build()
#13 /var/www/blog/vendor/laravel/framework/src/Illuminate/Foundation/Application.php(841): Illuminate\\Container\\Container->resolve()
#14 /var/www/blog/vendor/laravel/framework/src/Illuminate/Container/Container.php(652): Illuminate\\Foundation\\Application->resolve()
#15 /var/www/blog/vendor/laravel/framework/src/Illuminate/Foundation/Application.php(826): Illuminate\\Container\\Container->make()
#16 /var/www/blog/vendor/laravel/framework/src/Illuminate/Foundation/Http/Kernel.php(205): Illuminate\\Foundation\\Application->make()
#17 /var/www/blog/vendor/laravel/framework/src/Illuminate/Foundation/Http/Kernel.php(179): Illuminate\\Foundation\\Http\\Kernel->terminateMiddleware()
#18 /var/www/blog/public/index.php(55): Illuminate\\Foundation\\Http\\Kernel->terminate()
#19 /var/www/blog/server.php(21): require_once('...')
#20 {main}
"} 
